<?xml version="1.0" encoding="utf-8"?><testsuites name="pytest tests"><testsuite name="pytest" errors="0" failures="0" skipped="0" tests="12" time="1.648" timestamp="2026-06-18T14:52:53.180417+00:00" hostname="agent-env-0939341f-6d2a-411b-b944-f7650e1363da"><testcase classname="backend.tests.test_pillbox_iter6" name="test_gallery_get_public_returns_list" time="0.259" /><testcase classname="backend.tests.test_pillbox_iter6" name="test_gallery_post_requires_token" time="0.053" /><testcase classname="backend.tests.test_pillbox_iter6" name="test_gallery_post_bad_image_data_returns_400" time="0.043" /><testcase classname="backend.tests.test_pillbox_iter6" name="test_gallery_post_empty_image_data_returns_400" time="0.044" /><testcase classname="backend.tests.test_pillbox_iter6" name="test_gallery_post_oversize_returns_413" time="0.402" /><testcase classname="backend.tests.test_pillbox_iter6" name="test_gallery_post_success_and_get_returns_item" time="0.142" /><testcase classname="backend.tests.test_pillbox_iter6" name="test_gallery_delete_requires_token" time="0.134" /><testcase classname="backend.tests.test_pillbox_iter6" name="test_gallery_delete_404_for_missing" time="0.049" /><testcase classname="backend.tests.test_pillbox_iter6" name="test_gallery_delete_removes_item" time="0.131" /><testcase classname="backend.tests.test_pillbox_iter6" name="test_application_delete_requires_token" time="0.136" /><testcase classname="backend.tests.test_pillbox_iter6" name="test_application_delete_404_for_missing" time="0.044" /><testcase classname="backend.tests.test_pillbox_iter6" name="test_application_delete_removes" time="0.136" /></testsuite></testsuites>