<?xml version="1.0" encoding="utf-8"?><testsuites name="pytest tests"><testsuite name="pytest" errors="0" failures="1" skipped="0" tests="8" time="1.178" timestamp="2026-06-18T15:00:36.276805+00:00" hostname="agent-env-0939341f-6d2a-411b-b944-f7650e1363da"><testcase classname="backend.tests.test_pillbox_iter7.TestIdCardLog" name="test_log_requires_admin_token" time="0.231" /><testcase classname="backend.tests.test_pillbox_iter7.TestIdCardLog" name="test_log_rejects_bad_token" time="0.147" /><testcase classname="backend.tests.test_pillbox_iter7.TestIdCardLog" name="test_log_succeeds_with_admin_token" time="0.094" /><testcase classname="backend.tests.test_pillbox_iter7.TestIdCardLog" name="test_log_does_not_block_on_webhook" time="0.139" /><testcase classname="backend.tests.test_pillbox_iter7.TestIdCardLog" name="test_log_accepts_empty_payload" time="0.103" /><testcase classname="backend.tests.test_pillbox_iter7.TestStaffFilterDataUnchanged" name="test_staff_list_still_returns_is_command_field" time="0.103" /><testcase classname="backend.tests.test_pillbox_iter7.TestStaffFilterDataUnchanged" name="test_staff_has_both_command_and_field" time="0.110"><failure message="AssertionError: Should have some is_command=false staff (DOCTORS)&#10;assert 0 &gt; 0&#10; +  where 0 = len([])">backend/tests/test_pillbox_iter7.py:105: in test_staff_has_both_command_and_field
    assert len(fld) &gt; 0, "Should have some is_command=false staff (DOCTORS)"
E   AssertionError: Should have some is_command=false staff (DOCTORS)
E   assert 0 &gt; 0
E    +  where 0 = len([])</failure></testcase><testcase classname="backend.tests.test_pillbox_iter7.TestHealthCheck" name="test_api_root" time="0.160" /></testsuite></testsuites>