<?xml version="1.0" encoding="utf-8"?><testsuites name="pytest tests"><testsuite name="pytest" errors="0" failures="0" skipped="0" tests="37" time="3.402" timestamp="2026-06-18T14:41:17.859010+00:00" hostname="agent-env-0939341f-6d2a-411b-b944-f7650e1363da"><testcase classname="backend.tests.test_pillbox_api" name="test_root" time="0.159" /><testcase classname="backend.tests.test_pillbox_api" name="test_list_staff" time="0.047" /><testcase classname="backend.tests.test_pillbox_api" name="test_get_staff_by_id" time="0.097" /><testcase classname="backend.tests.test_pillbox_api" name="test_get_staff_404" time="0.046" /><testcase classname="backend.tests.test_pillbox_api" name="test_create_application_empty_webhook_ok" time="0.092" /><testcase classname="backend.tests.test_pillbox_api" name="test_create_application_validation" time="0.044" /><testcase classname="backend.tests.test_pillbox_api" name="test_public_applications_get_is_not_exposed" time="0.043" /><testcase classname="backend.tests.test_pillbox_api" name="test_stats" time="0.046" /><testcase classname="backend.tests.test_pillbox_api" name="test_admin_login_success" time="0.043" /><testcase classname="backend.tests.test_pillbox_api" name="test_admin_login_wrong_token" time="0.045" /><testcase classname="backend.tests.test_pillbox_api" name="test_admin_applications_requires_token" time="0.047" /><testcase classname="backend.tests.test_pillbox_api" name="test_admin_applications_with_token" time="0.045" /><testcase classname="backend.tests.test_pillbox_api" name="test_admin_create_staff_requires_token" time="0.047" /><testcase classname="backend.tests.test_pillbox_api" name="test_admin_staff_full_crud" time="0.483" /><testcase classname="backend.tests.test_pillbox_api" name="test_admin_delete_nonexistent" time="0.045" /><testcase classname="backend.tests.test_pillbox_iter4" name="test_create_application_with_discord_user_id" time="0.103" /><testcase classname="backend.tests.test_pillbox_iter4" name="test_create_application_without_discord_user_id" time="0.046" /><testcase classname="backend.tests.test_pillbox_iter4" name="test_admin_list_returns_discord_user_id" time="0.044" /><testcase classname="backend.tests.test_pillbox_iter4" name="test_status_by_full_uuid" time="0.047" /><testcase classname="backend.tests.test_pillbox_iter4" name="test_status_by_short_prefix" time="0.046" /><testcase classname="backend.tests.test_pillbox_iter4" name="test_status_case_insensitive" time="0.054" /><testcase classname="backend.tests.test_pillbox_iter4" name="test_status_404_for_missing" time="0.050" /><testcase classname="backend.tests.test_pillbox_iter4" name="test_status_400_for_too_short" time="0.053" /><testcase classname="backend.tests.test_pillbox_iter4" name="test_patch_status_requires_token" time="0.047" /><testcase classname="backend.tests.test_pillbox_iter4" name="test_patch_status_invalid_status" time="0.050" /><testcase classname="backend.tests.test_pillbox_iter4" name="test_patch_status_404_missing" time="0.043" /><testcase classname="backend.tests.test_pillbox_iter4" name="test_patch_status_accepted_success" time="0.045" /><testcase classname="backend.tests.test_pillbox_iter4" name="test_status_after_acceptance_reflects" time="0.045" /><testcase classname="backend.tests.test_pillbox_iter4" name="test_patch_status_interview_then_reject_then_reopen" time="0.134" /><testcase classname="backend.tests.test_pillbox_iter5" name="test_staff_has_experience_cities_no_response_count" time="0.189" /><testcase classname="backend.tests.test_pillbox_iter5" name="test_stats_has_only_three_keys" time="0.062" /><testcase classname="backend.tests.test_pillbox_iter5" name="test_stats_teams_in_cities_matches_distinct_cities" time="0.096" /><testcase classname="backend.tests.test_pillbox_iter5" name="test_create_staff_with_experience_cities" time="0.160" /><testcase classname="backend.tests.test_pillbox_iter5" name="test_patch_staff_experience_cities" time="0.206" /><testcase classname="backend.tests.test_pillbox_iter5" name="test_patch_staff_invalid_months_type_returns_422" time="0.143" /><testcase classname="backend.tests.test_pillbox_iter5" name="test_create_staff_invalid_months_type_returns_422" time="0.049" /><testcase classname="backend.tests.test_pillbox_iter5" name="test_no_response_count_in_admin_create_response" time="0.144" /></testsuite></testsuites>