<?xml version="1.0" encoding="utf-8"?><testsuites name="pytest tests"><testsuite name="pytest" errors="0" failures="0" skipped="0" tests="7" time="0.796" timestamp="2026-06-18T13:36:32.666615+00:00" hostname="agent-env-0939341f-6d2a-411b-b944-f7650e1363da"><testcase classname="backend.tests.test_pillbox_api" name="test_root" time="0.272" /><testcase classname="backend.tests.test_pillbox_api" name="test_list_staff" time="0.048" /><testcase classname="backend.tests.test_pillbox_api" name="test_get_staff_by_id" time="0.098" /><testcase classname="backend.tests.test_pillbox_api" name="test_get_staff_404" time="0.050" /><testcase classname="backend.tests.test_pillbox_api" name="test_create_application_and_list" time="0.104" /><testcase classname="backend.tests.test_pillbox_api" name="test_create_application_validation" time="0.045" /><testcase classname="backend.tests.test_pillbox_api" name="test_stats" time="0.049" /></testsuite></testsuites>